2021/07/19 23:45:31 [emerg] 1#1: host not found in upstream "php" in /etc/nginx/conf.d/default.conf:23
2021/07/19 23:46:43 [emerg] 1#1: host not found in upstream "php" in /etc/nginx/conf.d/default.conf:23
2021/07/19 23:47:35 [emerg] 1#1: host not found in upstream "php" in /etc/nginx/conf.d/default.conf:23
2021/07/19 23:49:25 [warn] 9#9: *1 an upstream response is buffered to a temporary file /var/cache/nginx/fastcgi_temp/1/00/0000000001 while reading upstream, client: 172.22.0.1, server: , request: "GET /favicon.ico HTTP/1.1", upstream: "fastcgi://172.22.0.2:9000", host: "0.0.0.0:49157", referrer: "http://0.0.0.0:49157/"
2021/07/19 23:51:54 [emerg] 1#1: host not found in upstream "php" in /etc/nginx/conf.d/default.conf:23
2021/07/20 23:29:05 [warn] 8#8: *6 an upstream response is buffered to a temporary file /var/cache/nginx/fastcgi_temp/1/00/0000000001 while reading upstream, client: 172.23.0.3, server: , request: "GET /robots.txt HTTP/1.1", upstream: "fastcgi://172.23.0.2:9000", host: "www.app.immo.com"
2021/07/20 23:29:05 [warn] 8#8: *5 an upstream response is buffered to a temporary file /var/cache/nginx/fastcgi_temp/2/00/0000000002 while reading upstream, client: 172.23.0.3, server: , request: "GET /robots.txt HTTP/1.1", upstream: "fastcgi://172.23.0.2:9000", host: "www.app.immo.com"
2021/09/08 22:30:20 [emerg] 1#1: host not found in upstream "php" in /etc/nginx/conf.d/default.conf:23
2021/09/08 22:38:49 [emerg] 1#1: host not found in upstream "php" in /etc/nginx/conf.d/default.conf:23
2021/09/09 19:47:30 [warn] 7#7: *8 an upstream response is buffered to a temporary file /var/cache/nginx/fastcgi_temp/1/00/0000000001 while reading upstream, client: 172.20.0.2, server: , request: "GET / HTTP/1.1", upstream: "fastcgi://172.20.0.4:9000", host: "www.app.immo.com"
2021/09/09 19:53:37 [warn] 7#7: *10 an upstream response is buffered to a temporary file /var/cache/nginx/fastcgi_temp/2/00/0000000002 while reading upstream, client: 172.20.0.2, server: , request: "GET / HTTP/1.1", upstream: "fastcgi://172.20.0.4:9000", host: "www.app.immo.com"
2021/09/09 20:17:15 [emerg] 1#1: host not found in upstream "php" in /etc/nginx/conf.d/default.conf:23
2021/09/09 20:30:53 [warn] 8#8: *1 an upstream response is buffered to a temporary file /var/cache/nginx/fastcgi_temp/1/00/0000000001 while reading upstream, client: 172.21.0.2, server: , request: "GET / HTTP/1.1", upstream: "fastcgi://172.21.0.5:9000", host: "www.app.immo.com"
2021/09/09 20:43:59 [warn] 8#8: *20 an upstream response is buffered to a temporary file /var/cache/nginx/fastcgi_temp/2/00/0000000002 while reading upstream, client: 172.21.0.2, server: , request: "GET / HTTP/1.1", upstream: "fastcgi://172.21.0.5:9000", host: "www.app.immo.com"
2021/10/04 10:57:42 [emerg] 1#1: host not found in upstream "php" in /etc/nginx/conf.d/default.conf:23
2021/10/04 11:02:11 [warn] 7#7: *7 an upstream response is buffered to a temporary file /var/cache/nginx/fastcgi_temp/1/00/0000000001 while reading upstream, client: 172.29.0.1, server: , request: "GET / HTTP/1.1", upstream: "fastcgi://172.29.0.7:9000", host: "localhost:8023"
2021/10/04 11:02:14 [warn] 7#7: *7 an upstream response is buffered to a temporary file /var/cache/nginx/fastcgi_temp/2/00/0000000002 while reading upstream, client: 172.29.0.1, server: , request: "GET / HTTP/1.1", upstream: "fastcgi://172.29.0.7:9000", host: "localhost:8023"
2021/10/04 11:12:31 [warn] 7#7: *32 an upstream response is buffered to a temporary file /var/cache/nginx/fastcgi_temp/3/00/0000000003 while reading upstream, client: 172.29.0.1, server: , request: "GET / HTTP/1.1", upstream: "fastcgi://172.29.0.7:9000", host: "localhost:8023"
2021/10/05 14:24:32 [emerg] 1#1: host not found in upstream "php" in /etc/nginx/conf.d/default.conf:23
2021/10/06 13:52:03 [emerg] 1#1: host not found in upstream "php" in /etc/nginx/conf.d/default.conf:23
2021/10/06 15:08:24 [warn] 6#6: *20 an upstream response is buffered to a temporary file /var/cache/nginx/fastcgi_temp/1/00/0000000001 while reading upstream, client: 192.168.0.1, server: , request: "GET / HTTP/1.1", upstream: "fastcgi://192.168.0.7:9000", host: "localhost:8023"
2021/10/06 15:08:24 [error] 6#6: *20 FastCGI sent in stderr: "PHP message: 2021-10-06T17:08:24+02:00 [critical] Uncaught Exception: Cannot autowire service "App\Core\Services\CaptchaValidator": argument "$key" of method "__construct()" is type-hinted "string", you should configure its value explicitly" while reading upstream, client: 192.168.0.1, server: , request: "GET / HTTP/1.1", upstream: "fastcgi://192.168.0.7:9000", host: "localhost:8023"
2021/10/06 15:08:31 [error] 6#6: *20 FastCGI sent in stderr: "PHP message: 2021-10-06T17:08:31+02:00 [critical] Uncaught Exception: Cannot autowire service "App\Core\Services\CaptchaValidator": argument "$key" of method "__construct()" is type-hinted "string", you should configure its value explicitly" while reading upstream, client: 192.168.0.1, server: , request: "GET / HTTP/1.1", upstream: "fastcgi://192.168.0.7:9000", host: "localhost:8023"
2021/10/06 15:10:12 [error] 6#6: *24 FastCGI sent in stderr: "PHP message: 2021-10-06T17:10:12+02:00 [critical] Uncaught Exception: Cannot autowire service "App\Core\Services\CaptchaValidator": argument "$key" of method "__construct()" is type-hinted "string", you should configure its value explicitly" while reading upstream, client: 192.168.0.1, server: , request: "GET / HTTP/1.1", upstream: "fastcgi://192.168.0.7:9000", host: "localhost:8023"
2021/10/07 14:52:23 [error] 6#6: *549 FastCGI sent in stderr: "PHP message: 2021-10-07T16:52:23+02:00 [critical] Uncaught Error: syntax error, unexpected 'new' (T_NEW)" while reading upstream, client: 192.168.0.1, server: , request: "POST /login HTTP/1.1", upstream: "fastcgi://192.168.0.7:9000", host: "localhost:8023", referrer: "http://localhost:8023/login"
2021/10/07 15:01:14 [error] 6#6: *584 FastCGI sent in stderr: "PHP message: 2021-10-07T17:01:14+02:00 [" while reading upstream, client: 192.168.0.1, server: , request: "POST /login HTTP/1.1", upstream: "fastcgi://192.168.0.7:9000", host: "localhost:8023", referrer: "http://localhost:8023/login"
2021/10/07 15:01:14 [error] 6#6: *584 FastCGI sent in stderr: "critical] Uncaught Error: syntax error, unexpected end of file" while reading upstream, client: 192.168.0.1, server: , request: "POST /login HTTP/1.1", upstream: "fastcgi://192.168.0.7:9000", host: "localhost:8023", referrer: "http://localhost:8023/login"
2021/10/08 21:55:00 [emerg] 1#1: host not found in upstream "php" in /etc/nginx/conf.d/default.conf:23
2021/10/08 21:58:37 [emerg] 1#1: host not found in upstream "php" in /etc/nginx/conf.d/default.conf:23
2021/10/09 00:59:16 [emerg] 1#1: host not found in upstream "php" in /etc/nginx/conf.d/default.conf:23
2021/10/09 01:00:02 [warn] 7#7: *1 an upstream response is buffered to a temporary file /var/cache/nginx/fastcgi_temp/1/00/0000000001 while reading upstream, client: 172.25.0.4, server: , request: "GET / HTTP/1.1", upstream: "fastcgi://172.25.0.6:9000", host: "www.app.immo.com"
2021/10/09 12:15:33 [error] 7#7: *22 FastCGI sent in stderr: "PHP message: 2021-10-09T14:15:33+02:00 [critical] Uncaught Error: syntax error, unexpected 'BaseRepositoryTrait' (T_STRING)" while reading upstream, client: 172.25.0.4, server: , request: "GET /level HTTP/1.1", upstream: "fastcgi://172.25.0.6:9000", host: "www.app.immo.com"
2021/10/09 22:56:13 [error] 7#7: *398 FastCGI sent in stderr: "PHP message: 2021-10-10T00:56:13+02:00 [critical] Uncaught Error: syntax error, unexpected ':'" while reading upstream, client: 172.25.0.4, server: , request: "GET /level HTTP/1.1", upstream: "fastcgi://172.25.0.6:9000", host: "www.app.immo.com"
2021/10/12 08:14:01 [emerg] 1#1: host not found in upstream "php" in /etc/nginx/conf.d/default.conf:23
2021/10/12 08:36:33 [warn] 6#6: *75 an upstream response is buffered to a temporary file /var/cache/nginx/fastcgi_temp/1/00/0000000001 while reading upstream, client: 172.26.0.1, server: , request: "GET /category HTTP/1.1", upstream: "fastcgi://172.26.0.7:9000", host: "localhost:8023"
2021/10/12 08:36:33 [error] 6#6: *75 FastCGI sent in stderr: "PHP message: 2021-10-12T10:36:33+02:00 [critical] Uncaught Exception: Expected to find class "App\Controller\Category\CreateCategoryController" in file "/var/www/application/src/Controller/Category/CreateCategoryController.php" while importing services from resource "../src/", but it was not found! Check the namespace prefix used with the resource in /var/www/application/src/../config/services.yaml (which is being imported from "/var/www/application/src/Kernel.php")" while reading upstream, client: 172.26.0.1, server: , request: "GET /category HTTP/1.1", upstream: "fastcgi://172.26.0.7:9000", host: "localhost:8023"
2021/10/12 08:37:41 [warn] 6#6: *78 an upstream response is buffered to a temporary file /var/cache/nginx/fastcgi_temp/2/00/0000000002 while reading upstream, client: 172.26.0.1, server: , request: "GET /category HTTP/1.1", upstream: "fastcgi://172.26.0.7:9000", host: "localhost:8023"
2021/10/12 08:37:41 [error] 6#6: *78 FastCGI sent in stderr: "PHP message: 2021-10-12T10:37:41+02:00 [critical] Uncaught Exception: Expected to find class "App\Controller\Category\CreateCategoryController" in file "/var/www/application/src/Controller/Category/CreateCategoryController.php" while importing services from resource "../src/", but it was not found! Check the namespace prefix used with the resource in /var/www/application/src/../config/services.yaml (which is being imported from "/var/www/application/src/Kernel.php")" while reading upstream, client: 172.26.0.1, server: , request: "GET /category HTTP/1.1", upstream: "fastcgi://172.26.0.7:9000", host: "localhost:8023"
2021/10/12 08:38:09 [warn] 6#6: *81 an upstream response is buffered to a temporary file /var/cache/nginx/fastcgi_temp/3/00/0000000003 while reading upstream, client: 172.26.0.1, server: , request: "GET /category HTTP/1.1", upstream: "fastcgi://172.26.0.7:9000", host: "localhost:8023"
2021/10/12 08:38:09 [error] 6#6: *81 FastCGI sent in stderr: "PHP message: 2021-10-12T10:38:09+02:00 [critical] Uncaught Exception: Expected to find class "App\Controller\Category\CreateCategoryController" in file "/var/www/application/src/Controller/Category/CreateCategoryController.php" while importing services from resource "../src/", but it was not found! Check the namespace prefix used with the resource in /var/www/application/src/../config/services.yaml (which is being imported from "/var/www/application/src/Kernel.php")" while reading upstream, client: 172.26.0.1, server: , request: "GET /category HTTP/1.1", upstream: "fastcgi://172.26.0.7:9000", host: "localhost:8023"
2021/10/12 08:38:27 [warn] 6#6: *84 an upstream response is buffered to a temporary file /var/cache/nginx/fastcgi_temp/4/00/0000000004 while reading upstream, client: 172.26.0.1, server: , request: "GET /category HTTP/1.1", upstream: "fastcgi://172.26.0.7:9000", host: "localhost:8023"
2021/10/12 08:38:27 [error] 6#6: *84 FastCGI sent in stderr: "PHP message: 2021-10-12T10:38:27+02:00 [critical] Uncaught Exception: Expected to find class "App\Controller\Category\CreateCategoryController" in file "/var/www/application/src/Controller/Category/CreateCategoryController.php" while importing services from resource "../src/", but it was not found! Check the namespace prefix used with the resource in /var/www/application/src/../config/services.yaml (which is being imported from "/var/www/application/src/Kernel.php")" while reading upstream, client: 172.26.0.1, server: , request: "GET /category HTTP/1.1", upstream: "fastcgi://172.26.0.7:9000", host: "localhost:8023"
2021/10/12 08:39:08 [error] 6#6: *84 FastCGI sent in stderr: "PHP message: 2021-10-12T10:39:08+02:00 [critical] Uncaught Exception: Expected to find class "App\Controller\Exam\CreateExamController" in file "/var/www/application/src/Controller/Exam/CreateExamController.php" while importing services from resource "../src/", but it was not found! Check the namespace prefix used with the resource in /var/www/application/src/../config/services.yaml (which is being imported from "/var/www/application/src/Kernel.php")" while reading upstream, client: 172.26.0.1, server: , request: "GET /category HTTP/1.1", upstream: "fastcgi://172.26.0.7:9000", host: "localhost:8023"
2021/10/12 08:42:05 [warn] 6#6: *88 an upstream response is buffered to a temporary file /var/cache/nginx/fastcgi_temp/5/00/0000000005 while reading upstream, client: 172.26.0.1, server: , request: "GET /category HTTP/1.1", upstream: "fastcgi://172.26.0.7:9000", host: "localhost:8023"
2021/10/12 08:42:34 [warn] 6#6: *91 an upstream response is buffered to a temporary file /var/cache/nginx/fastcgi_temp/6/00/0000000006 while reading upstream, client: 172.26.0.1, server: , request: "GET /category HTTP/1.1", upstream: "fastcgi://172.26.0.7:9000", host: "localhost:8023"
2021/10/12 08:42:34 [error] 6#6: *91 FastCGI sent in stderr: "PHP message: 2021-10-12T10:42:34+02:00 [critical] Uncaught Exception: Expected to find class "App\Controller\Reflevel\CreateRefLevel" in file "/var/www/application/src/Controller/Reflevel/CreateRefLevel.php" while importing services from resource "../src/", but it was not found! Check the namespace prefix used with the resource in /var/www/application/src/../config/services.yaml (which is being imported from "/var/www/application/src/Kernel.php")" while reading upstream, client: 172.26.0.1, server: , request: "GET /category HTTP/1.1", upstream: "fastcgi://172.26.0.7:9000", host: "localhost:8023"
2021/10/12 08:42:36 [error] 6#6: *95 FastCGI sent in stderr: "PHP message: 2021-10-12T10:42:36+02:00 [critical] Uncaught Exception: Expected to find class "App\Controller\Reflevel\CreateRefLevel" in file "/var/www/application/src/Controller/Reflevel/CreateRefLevel.php" while importing services from resource "../src/", but it was not found! Check the namespace prefix used with the resource in /var/www/application/src/../config/services.yaml (which is being imported from "/var/www/application/src/Kernel.php")" while reading upstream, client: 172.26.0.1, server: , request: "GET /category HTTP/1.1", upstream: "fastcgi://172.26.0.7:9000", host: "localhost:8023"
2021/10/12 08:43:19 [error] 6#6: *97 FastCGI sent in stderr: "PHP message: 2021-10-12T10:43:19+02:00 [critical] Uncaught Exception: Expected to find class "App\Controller\Reflevel\RefLevelsController" in file "/var/www/application/src/Controller/Reflevel/RefLevelsController.php" while importing services from resource "../src/", but it was not found! Check the namespace prefix used with the resource in /var/www/application/src/../config/services.yaml (which is being imported from "/var/www/application/src/Kernel.php")" while reading upstream, client: 172.26.0.1, server: , request: "GET /category HTTP/1.1", upstream: "fastcgi://172.26.0.7:9000", host: "localhost:8023"
2021/10/12 08:44:13 [warn] 6#6: *100 an upstream response is buffered to a temporary file /var/cache/nginx/fastcgi_temp/7/00/0000000007 while reading upstream, client: 172.26.0.1, server: , request: "GET /category HTTP/1.1", upstream: "fastcgi://172.26.0.7:9000", host: "localhost:8023"
2021/10/12 08:44:13 [error] 6#6: *100 FastCGI sent in stderr: "PHP message: 2021-10-12T10:44:13+02:00 [critical] Uncaught Exception: Expected to find class "App\Controller\Reflevel\CreateRefLevel" in file "/var/www/application/src/Controller/Reflevel/CreateRefLevel.php" while importing services from resource "../src/", but it was not found! Check the namespace prefix used with the resource in /var/www/application/src/../config/services.yaml (which is being imported from "/var/www/application/src/Kernel.php")" while reading upstream, client: 172.26.0.1, server: , request: "GET /category HTTP/1.1", upstream: "fastcgi://172.26.0.7:9000", host: "localhost:8023"
2021/10/12 08:44:51 [error] 6#6: *104 FastCGI sent in stderr: "PHP message: 2021-10-12T10:44:51+02:00 [critical] Uncaught Exception: Expected to find class "App\Controller\Reflevel\CreateRefLevel" in file "/var/www/application/src/Controller/Reflevel/CreateRefLevel.php" while importing services from resource "../src/", but it was not found! Check the namespace prefix used with the resource in /var/www/application/src/../config/services.yaml (which is being imported from "/var/www/application/src/Kernel.php")" while reading upstream, client: 172.26.0.1, server: , request: "GET /category HTTP/1.1", upstream: "fastcgi://172.26.0.7:9000", host: "localhost:8023"
2021/10/12 08:45:10 [error] 6#6: *106 FastCGI sent in stderr: "PHP message: 2021-10-12T10:45:10+02:00 [critical] Uncaught Exception: Expected to find class "App\Controller\Reflevel\CreateRefLevel" in file "/var/www/application/src/Controller/Reflevel/CreateRefLevel.php" while importing services from resource "../src/", but it was not found! Check the namespace prefix used with the resource in /var/www/application/src/../config/services.yaml (which is being imported from "/var/www/application/src/Kernel.php")" while reading upstream, client: 172.26.0.1, server: , request: "GET /category HTTP/1.1", upstream: "fastcgi://172.26.0.7:9000", host: "localhost:8023"
2021/10/12 08:46:41 [error] 6#6: *109 FastCGI sent in stderr: "PHP message: 2021-10-12T10:46:41+02:00 [critical] Uncaught Exception: Expected to find class "App\Controller\Reflevel\RefLevelsController" in file "/var/www/application/src/Controller/Reflevel/RefLevelsController.php" while importing services from resource "../src/", but it was not found! Check the namespace prefix used with the resource in /var/www/application/src/../config/services.yaml (which is being imported from "/var/www/application/src/Kernel.php")" while reading upstream, client: 172.26.0.1, server: , request: "GET /category HTTP/1.1", upstream: "fastcgi://172.26.0.7:9000", host: "localhost:8023"
2021/10/12 08:47:55 [error] 6#6: *113 FastCGI sent in stderr: "PHP message: 2021-10-12T10:47:55+02:00 [critical] Uncaught Exception: Expected to find class "App\Controller\Reflevel\UpdateReflevelController" in file "/var/www/application/src/Controller/Reflevel/UpdateReflevelController.php" while importing services from resource "../src/", but it was not found! Check the namespace prefix used with the resource in /var/www/application/src/../config/services.yaml (which is being imported from "/var/www/application/src/Kernel.php")" while reading upstream, client: 172.26.0.1, server: , request: "GET /category HTTP/1.1", upstream: "fastcgi://172.26.0.7:9000", host: "localhost:8023"
2021/10/12 08:48:26 [error] 6#6: *115 FastCGI sent in stderr: "PHP message: 2021-10-12T10:48:26+02:00 [critical] Uncaught Exception: Expected to find class "App\Controller\Reflevel\CreateRefLevel" in file "/var/www/application/src/Controller/Reflevel/CreateRefLevel.php" while importing services from resource "../src/", but it was not found! Check the namespace prefix used with the resource in /var/www/application/src/../config/services.yaml (which is being imported from "/var/www/application/src/Kernel.php")" while reading upstream, client: 172.26.0.1, server: , request: "GET /category HTTP/1.1", upstream: "fastcgi://172.26.0.7:9000", host: "localhost:8023"
2021/10/12 08:49:06 [error] 6#6: *119 FastCGI sent in stderr: "PHP message: 2021-10-12T10:49:06+02:00 [critical] Uncaught Exception: Expected to find class "App\Controller\Reflevel\CreateRefLevel" in file "/var/www/application/src/Controller/Reflevel/CreateRefLevel.php" while importing services from resource "../src/", but it was not found! Check the namespace prefix used with the resource in /var/www/application/src/../config/services.yaml (which is being imported from "/var/www/application/src/Kernel.php")" while reading upstream, client: 172.26.0.1, server: , request: "GET /category HTTP/1.1", upstream: "fastcgi://172.26.0.7:9000", host: "localhost:8023"
2021/10/12 08:50:21 [error] 6#6: *125 FastCGI sent in stderr: "PHP message: 2021-10-12T10:50:21+02:00 [critical] Uncaught Exception: Expected to find class "App\Controller\Reflevel\CreateRefLevel" in file "/var/www/application/src/Controller/Reflevel/CreateRefLevel.php" while importing services from resource "../src/", but it was not found! Check the namespace prefix used with the resource in /var/www/application/src/../config/services.yaml (which is being imported from "/var/www/application/src/Kernel.php")" while reading upstream, client: 172.26.0.1, server: , request: "GET /category HTTP/1.1", upstream: "fastcgi://172.26.0.7:9000", host: "localhost:8023"
2021/10/12 08:51:27 [error] 6#6: *127 FastCGI sent in stderr: "PHP message: 2021-10-12T10:51:27+02:00 [critical] Uncaught Exception: Expected to find class "App\Controller\Reflevel\RefLevelsController" in file "/var/www/application/src/Controller/Reflevel/RefLevelsController.php" while importing services from resource "../src/", but it was not found! Check the namespace prefix used with the resource in /var/www/application/src/../config/services.yaml (which is being imported from "/var/www/application/src/Kernel.php")" while reading upstream, client: 172.26.0.1, server: , request: "GET /category HTTP/1.1", upstream: "fastcgi://172.26.0.7:9000", host: "localhost:8023"
2021/10/12 08:51:43 [error] 6#6: *130 FastCGI sent in stderr: "PHP message: 2021-10-12T10:51:43+02:00 [critical] Uncaught Exception: Expected to find class "App\Controller\Reflevel\UpdateReflevelController" in file "/var/www/application/src/Controller/Reflevel/UpdateReflevelController.php" while importing services from resource "../src/", but it was not found! Check the namespace prefix used with the resource in /var/www/application/src/../config/services.yaml (which is being imported from "/var/www/application/src/Kernel.php")" while reading upstream, client: 172.26.0.1, server: , request: "GET /category HTTP/1.1", upstream: "fastcgi://172.26.0.7:9000", host: "localhost:8023"
2021/10/12 08:52:16 [error] 6#6: *133 FastCGI sent in stderr: "PHP message: 2021-10-12T10:52:16+02:00 [critical] Uncaught Exception: Expected to find class "App\Controller\Reflevel\CreateRefLevel" in file "/var/www/application/src/Controller/Reflevel/CreateRefLevel.php" while importing services from resource "../src/", but it was not found! Check the namespace prefix used with the resource in /var/www/application/src/../config/services.yaml (which is being imported from "/var/www/application/src/Kernel.php")" while reading upstream, client: 172.26.0.1, server: , request: "GET /category HTTP/1.1", upstream: "fastcgi://172.26.0.7:9000", host: "localhost:8023"
2021/10/12 08:52:31 [error] 6#6: *136 FastCGI sent in stderr: "PHP message: 2021-10-12T10:52:31+02:00 [critical] Uncaught Exception: Expected to find class "App\Controller\Reflevel\CreateRefLevel" in file "/var/www/application/src/Controller/Reflevel/CreateRefLevel.php" while importing services from resource "../src/", but it was not found! Check the namespace prefix used with the resource in /var/www/application/src/../config/services.yaml (which is being imported from "/var/www/application/src/Kernel.php")" while reading upstream, client: 172.26.0.1, server: , request: "GET /category HTTP/1.1", upstream: "fastcgi://172.26.0.7:9000", host: "localhost:8023"
2021/10/12 08:59:53 [warn] 6#6: *142 an upstream response is buffered to a temporary file /var/cache/nginx/fastcgi_temp/8/00/0000000008 while reading upstream, client: 172.26.0.1, server: , request: "GET /category HTTP/1.1", upstream: "fastcgi://172.26.0.7:9000", host: "localhost:8023"
2021/10/12 08:59:53 [error] 6#6: *142 FastCGI sent in stderr: "PHP message: 2021-10-12T10:59:53+02:00 [critical] Uncaught Exception: Expected to find class "App\Controller\Reflevel\RefLevelsController" in file "/var/www/application/src/Controller/Reflevel/RefLevelsController.php" while importing services from resource "../src/", but it was not found! Check the namespace prefix used with the resource in /var/www/application/src/../config/services.yaml (which is being imported from "/var/www/application/src/Kernel.php")" while reading upstream, client: 172.26.0.1, server: , request: "GET /category HTTP/1.1", upstream: "fastcgi://172.26.0.7:9000", host: "localhost:8023"
2021/10/12 09:00:39 [error] 6#6: *145 FastCGI sent in stderr: "PHP message: 2021-10-12T11:00:39+02:00 [critical] Uncaught Exception: Expected to find class "App\Controller\Reflevel\CreateRefLevelController" in file "/var/www/application/src/Controller/Reflevel/CreateRefLevelController.php" while importing services from resource "../src/", but it was not found! Check the namespace prefix used with the resource in /var/www/application/src/../config/services.yaml (which is being imported from "/var/www/application/src/Kernel.php")" while reading upstream, client: 172.26.0.1, server: , request: "GET /category HTTP/1.1", upstream: "fastcgi://172.26.0.7:9000", host: "localhost:8023"
2021/10/12 09:03:06 [warn] 6#6: *149 an upstream response is buffered to a temporary file /var/cache/nginx/fastcgi_temp/9/00/0000000009 while reading upstream, client: 172.26.0.1, server: , request: "GET /admin/category HTTP/1.1", upstream: "fastcgi://172.26.0.7:9000", host: "localhost:8023"
2021/10/12 09:03:06 [error] 6#6: *149 FastCGI sent in stderr: "PHP message: 2021-10-12T11:03:06+02:00 [critical] Uncaught Exception: Expected to find class "App\Controller\Reflevel\CreateRefLevelController" in file "/var/www/application/src/Controller/Reflevel/CreateRefLevelController.php" while importing services from resource "../src/", but it was not found! Check the namespace prefix used with the resource in /var/www/application/src/../config/services.yaml (which is being imported from "/var/www/application/src/Kernel.php")" while reading upstream, client: 172.26.0.1, server: , request: "GET /admin/category HTTP/1.1", upstream: "fastcgi://172.26.0.7:9000", host: "localhost:8023"
2021/10/12 09:04:07 [error] 6#6: *151 FastCGI sent in stderr: "PHP message: 2021-10-12T11:04:07+02:00 [critical] Uncaught Exception: Expected to find class "App\Controller\Reflevel\CreateRefLevelController" in file "/var/www/application/src/Controller/Reflevel/CreateRefLevelController.php" while importing services from resource "../src/", but it was not found! Check the namespace prefix used with the resource in /var/www/application/src/../config/services.yaml (which is being imported from "/var/www/application/src/Kernel.php")" while reading upstream, client: 172.26.0.1, server: , request: "GET /admin/category HTTP/1.1", upstream: "fastcgi://172.26.0.7:9000", host: "localhost:8023"
2021/10/12 09:04:46 [error] 6#6: *155 FastCGI sent in stderr: "PHP message: 2021-10-12T11:04:46+02:00 [critical] Uncaught Exception: Expected to find class "App\Controller\Reflevel\CreateRefLevelController" in file "/var/www/application/src/Controller/Reflevel/CreateRefLevelController.php" while importing services from resource "../src/", but it was not found! Check the namespace prefix used with the resource in /var/www/application/src/../config/services.yaml (which is being imported from "/var/www/application/src/Kernel.php")" while reading upstream, client: 172.26.0.1, server: , request: "GET /ategory HTTP/1.1", upstream: "fastcgi://172.26.0.7:9000", host: "localhost:8023"
2021/10/12 09:04:53 [error] 6#6: *158 FastCGI sent in stderr: "PHP message: 2021-10-12T11:04:53+02:00 [critical] Uncaught Exception: Expected to find class "App\Controller\Reflevel\CreateRefLevelController" in file "/var/www/application/src/Controller/Reflevel/CreateRefLevelController.php" while importing services from resource "../src/", but it was not found! Check the namespace prefix used with the resource in /var/www/application/src/../config/services.yaml (which is being imported from "/var/www/application/src/Kernel.php")" while reading upstream, client: 172.26.0.1, server: , request: "GET /category HTTP/1.1", upstream: "fastcgi://172.26.0.7:9000", host: "localhost:8023"
2021/10/12 09:05:15 [error] 6#6: *163 FastCGI sent in stderr: "PHP message: 2021-10-12T11:05:15+02:00 [critical] Uncaught Exception: Expected to find class "App\Controller\Reflevel\CreateRefLevelController" in file "/var/www/application/src/Controller/Reflevel/CreateRefLevelController.php" while importing services from resource "../src/", but it was not found! Check the namespace prefix used with the resource in /var/www/application/src/../config/services.yaml (which is being imported from "/var/www/application/src/Kernel.php")" while reading upstream, client: 172.26.0.1, server: , request: "GET /admin/category HTTP/1.1", upstream: "fastcgi://172.26.0.7:9000", host: "localhost:8023"
2021/10/12 09:18:08 [warn] 6#6: *172 an upstream response is buffered to a temporary file /var/cache/nginx/fastcgi_temp/0/01/0000000010 while reading upstream, client: 172.26.0.1, server: , request: "GET /api HTTP/1.1", upstream: "fastcgi://172.26.0.7:9000", host: "localhost:8023"
2021/10/12 09:18:08 [error] 6#6: *172 FastCGI sent in stderr: "PHP message: 2021-10-12T11:18:08+02:00 [critical] Uncaught Exception: Expected to find class "App\Controller\Reflevel\CreateRefLevelController" in file "/var/www/application/src/Controller/Reflevel/CreateRefLevelController.php" while importing services from resource "../src/", but it was not found! Check the namespace prefix used with the resource in /var/www/application/src/../config/services.yaml (which is being imported from "/var/www/application/src/Kernel.php")" while reading upstream, client: 172.26.0.1, server: , request: "GET /api HTTP/1.1", upstream: "fastcgi://172.26.0.7:9000", host: "localhost:8023"
2021/10/12 09:19:14 [warn] 6#6: *175 an upstream response is buffered to a temporary file /var/cache/nginx/fastcgi_temp/1/01/0000000011 while reading upstream, client: 172.26.0.1, server: , request: "GET /api HTTP/1.1", upstream: "fastcgi://172.26.0.7:9000", host: "localhost:8023"
2021/10/12 09:19:14 [error] 6#6: *175 FastCGI sent in stderr: "PHP message: 202" while reading upstream, client: 172.26.0.1, server: , request: "GET /api HTTP/1.1", upstream: "fastcgi://172.26.0.7:9000", host: "localhost:8023"
2021/10/12 09:19:14 [error] 6#6: *175 FastCGI sent in stderr: "1-10-12T11:19:14+02:00 [critical] Uncaught Exception: Case mismatch between loaded and declared class names: "App\Controller\Reflevel\CreateRefLevelController" vs "App\Controller\RefLevel\CreateRefLevelController" in /var/www/application/src/../config/services.yaml (which is being imported from "/var/www/application/src/Kernel.php")" while reading upstream, client: 172.26.0.1, server: , request: "GET /api HTTP/1.1", upstream: "fastcgi://172.26.0.7:9000", host: "localhost:8023"
2021/10/12 10:53:42 [warn] 6#6: *306 an upstream response is buffered to a temporary file /var/cache/nginx/fastcgi_temp/2/01/0000000012 while reading upstream, client: 172.26.0.1, server: , request: "GET /login HTTP/1.1", upstream: "fastcgi://172.26.0.7:9000", host: "localhost:8023"
2021/10/12 10:53:42 [error] 6#6: *306 FastCGI sent in stderr: "PHP message: 2021-10-12T12:53:42+02:00 [critical] Uncaught Exception: The service "security.command.debug_firewall" has a dependency on a non-existent service "App\Security\AppAuthenticator"" while reading upstream, client: 172.26.0.1, server: , request: "GET /login HTTP/1.1", upstream: "fastcgi://172.26.0.7:9000", host: "localhost:8023"
2021/10/12 11:15:12 [error] 6#6: *381 FastCGI sent in stderr: "PHP message: 2021-10-12T13:15:12+02:00 [critical] Uncaught Exception: [Semantical Error] The annotation "@ApiResource" in class App\Entity\User was never imported. Did you maybe forget to add a "use" statement for this annotation?" while reading upstream, client: 172.26.0.1, server: , request: "GET /api HTTP/1.1", upstream: "fastcgi://172.26.0.7:9000", host: "localhost:8023"
2021/10/12 11:16:48 [warn] 6#6: *390 an upstream response is buffered to a temporary file /var/cache/nginx/fastcgi_temp/3/01/0000000013 while reading upstream, client: 172.26.0.1, server: , request: "GET /level HTTP/1.1", upstream: "fastcgi://172.26.0.7:9000", host: "localhost:8023"
2021/10/12 11:18:30 [warn] 6#6: *411 an upstream response is buffered to a temporary file /var/cache/nginx/fastcgi_temp/4/01/0000000014 while reading upstream, client: 172.26.0.1, server: , request: "GET /namespace%20%20App/Http/Controller/Reflevel; HTTP/1.1", upstream: "fastcgi://172.26.0.7:9000", host: "localhost:8023"
2021/10/12 11:22:27 [error] 6#6: *434 FastCGI sent in stderr: "PHP message: 2021-10-12T13:22:27+02:00 [critical] Uncaught Exception: Cannot autowire service "App\Http\Controller\Reflevel\RefLevelsController": argument "$request" of method "__construct()" references class "Symfony\Component\HttpFoundation\Request" but no such service exists" while reading upstream, client: 172.26.0.1, server: , request: "GET /admin/levels HTTP/1.1", upstream: "fastcgi://172.26.0.7:9000", host: "localhost:8023"
2021/10/12 20:28:49 [error] 7#7: *1 FastCGI sent in stderr: "PHP message: 2021-10-12T22:28:49+02:00 [critical] Uncaught Error: Class 'Nelmio\CorsBundle\NelmioCorsBundle' not found" while reading upstream, client: 172.26.0.2, server: , request: "GET /level HTTP/1.1", upstream: "fastcgi://172.26.0.8:9000", host: "www.app.immo.com"
2021/10/12 20:31:56 [warn] 7#7: *3 an upstream response is buffered to a temporary file /var/cache/nginx/fastcgi_temp/1/00/0000000001 while reading upstream, client: 172.26.0.2, server: , request: "GET /level HTTP/1.1", upstream: "fastcgi://172.26.0.8:9000", host: "www.app.immo.com"
2021/10/12 21:00:47 [error] 7#7: *98 FastCGI sent in stderr: "PHP message: 2021-10-12T23:00:47+02:00 [critical] Uncaught Exception: "App\Core\Datatable\Option\OptionHandler" is set as an "instanceof" conditional, but it does not exist" while reading upstream, client: 172.26.0.2, server: , request: "GET /admin/levels HTTP/1.1", upstream: "fastcgi://172.26.0.8:9000", host: "www.app.immo.com"
2021/10/12 21:15:14 [warn] 7#7: *125 an upstream response is buffered to a temporary file /var/cache/nginx/fastcgi_temp/2/00/0000000002 while reading upstream, client: 172.26.0.2, server: , request: "GET /admin/levels HTTP/1.1", upstream: "fastcgi://172.26.0.8:9000", host: "www.app.immo.com"
2021/10/13 20:55:52 [emerg] 1#1: host not found in upstream "php" in /etc/nginx/conf.d/default.conf:23
2021/10/13 21:03:51 [error] 8#8: *97 FastCGI sent in stderr: "PHP message: 2021-10-13T23:03:51+02:00 [critical] Uncaught Exception: [Syntax Error] Expected Doctrine\Common\Annotations\DocLexer::T_CLOSE_PARENTHESIS, got 'itemOperations' at position 52 in class App\Entity\RefLevel" while reading upstream, client: 172.28.0.3, server: , request: "GET /admin/levels HTTP/1.1", upstream: "fastcgi://172.28.0.5:9000", host: "www.app.immo.com"
2021/10/13 21:04:05 [error] 8#8: *97 FastCGI sent in stderr: "PHP message: 2021-10-13T23:04:05+02:00 [critical] Uncaught Exception: [Syntax Error] Expected Doctrine\Common\Annotations\DocLexer::T_CLOSE_PARENTHESIS, got 'itemOperations' at position 52 in class App\Entity\RefLevel" while reading upstream, client: 172.28.0.3, server: , request: "GET /admin/levels HTTP/1.1", upstream: "fastcgi://172.28.0.5:9000", host: "www.app.immo.com"
2021/10/13 21:05:08 [error] 8#8: *97 FastCGI sent in stderr: "PHP message: 2021-10-13T23:05:08+02:00 [critical] Uncaught Exception: [Syntax Error] Expected Doctrine\Common\Annotations\DocLexer::T_CLOSE_PARENTHESIS, got 'itemOperations' at position 52 in class App\Entity\RefLevel" while reading upstream, client: 172.28.0.3, server: , request: "GET /admin/levels HTTP/1.1", upstream: "fastcgi://172.28.0.5:9000", host: "www.app.immo.com"
2021/10/13 21:05:09 [error] 8#8: *97 FastCGI sent in stderr: "PHP message: 2021-10-13T23:05:09+02:00 [critical] Uncaught Exception: [Syntax Error] Expected Doctrine\Common\Annotations\DocLexer::T_CLOSE_PARENTHESIS, got 'itemOperations' at position 52 in class App\Entity\RefLevel" while reading upstream, client: 172.28.0.3, server: , request: "GET /admin/levels HTTP/1.1", upstream: "fastcgi://172.28.0.5:9000", host: "www.app.immo.com"
2021/10/13 21:05:18 [error] 8#8: *97 FastCGI sent in stderr: "PHP message: 2021-10-13T23:05:17+02:00 [critical] Uncaught Exception: [Syntax Error] Expected Doctrine\Common\Annotations\DocLexer::T_CLOSE_PARENTHESIS, got 'itemOperations' at position 52 in class App\Entity\RefLevel" while reading upstream, client: 172.28.0.3, server: , request: "GET /admin/levels HTTP/1.1", upstream: "fastcgi://172.28.0.5:9000", host: "www.app.immo.com"
2021/10/13 21:06:08 [error] 8#8: *97 FastCGI sent in stderr: "PHP message: 2021-10-13T23:06:08+02:00 [critical] Uncaught Exception: [Syntax Error] Expected PlainValue, got '}' at position 328 in class App\Entity\RefLevel" while reading upstream, client: 172.28.0.3, server: , request: "GET /admin/levels HTTP/1.1", upstream: "fastcgi://172.28.0.5:9000", host: "www.app.immo.com"
2021/10/13 21:06:14 [error] 8#8: *97 FastCGI sent in stderr: "PHP message: 2021-10-13T23:06:14+02:00 [critical] Uncaught Exception: [Syntax Error] Expected PlainValue, got '}' at position 327 in class App\Entity\RefLevel" while reading upstream, client: 172.28.0.3, server: , request: "GET /admin/levels HTTP/1.1", upstream: "fastcgi://172.28.0.5:9000", host: "www.app.immo.com"
2021/10/13 21:56:09 [error] 8#8: *340 FastCGI sent in stderr: "PHP message: 2021-10-13T23:56:09+02:00 [critical] Uncaught Error: syntax error, unexpected ']'" while reading upstream, client: 172.28.0.3, server: , request: "GET /admin/levels HTTP/1.1", upstream: "fastcgi://172.28.0.5:9000", host: "www.app.immo.com"
